<?xml version="1.0" encoding="UTF-8"?>
<coverage generated="1399475396">
  <project timestamp="1399475396">
    <file name="/var/www/Refactoring/Triangulo.php">
      <class name="Triangulo" namespace="global">
        <metrics methods="7" coveredmethods="5" conditionals="0" coveredconditionals="0" statements="50" coveredstatements="40" elements="57" coveredelements="45"/>
      </class>
      <line num="18" type="method" name="__construct" crap="2" count="0"/>
      <line num="19" type="stmt" count="0"/>
      <line num="20" type="stmt" count="0"/>
      <line num="21" type="stmt" count="0"/>
      <line num="22" type="stmt" count="0"/>
      <line num="23" type="stmt" count="0"/>
      <line num="24" type="stmt" count="0"/>
      <line num="29" type="method" name="calcArea" crap="1" count="1"/>
      <line num="30" type="stmt" count="1"/>
      <line num="37" type="method" name="isEscaleno" crap="5" count="1"/>
      <line num="38" type="stmt" count="1"/>
      <line num="39" type="stmt" count="1"/>
      <line num="40" type="stmt" count="1"/>
      <line num="41" type="stmt" count="1"/>
      <line num="42" type="stmt" count="1"/>
      <line num="43" type="stmt" count="1"/>
      <line num="44" type="stmt" count="1"/>
      <line num="51" type="method" name="isEquilatero" crap="5" count="1"/>
      <line num="52" type="stmt" count="1"/>
      <line num="53" type="stmt" count="1"/>
      <line num="54" type="stmt" count="1"/>
      <line num="55" type="stmt" count="1"/>
      <line num="56" type="stmt" count="1"/>
      <line num="57" type="stmt" count="1"/>
      <line num="58" type="stmt" count="1"/>
      <line num="65" type="method" name="isIsosceles" crap="5.73" count="1"/>
      <line num="66" type="stmt" count="1"/>
      <line num="67" type="stmt" count="1"/>
      <line num="68" type="stmt" count="1"/>
      <line num="69" type="stmt" count="0"/>
      <line num="70" type="stmt" count="0"/>
      <line num="71" type="stmt" count="1"/>
      <line num="72" type="stmt" count="0"/>
      <line num="73" type="stmt" count="0"/>
      <line num="74" type="stmt" count="1"/>
      <line num="75" type="stmt" count="1"/>
      <line num="76" type="stmt" count="1"/>
      <line num="77" type="stmt" count="1"/>
      <line num="78" type="stmt" count="1"/>
      <line num="85" type="method" name="isTriangulo" crap="4" count="1"/>
      <line num="86" type="stmt" count="1"/>
      <line num="87" type="stmt" count="1"/>
      <line num="88" type="stmt" count="1"/>
      <line num="89" type="stmt" count="1"/>
      <line num="90" type="stmt" count="1"/>
      <line num="96" type="method" name="getType" crap="4" count="1"/>
      <line num="97" type="stmt" count="1"/>
      <line num="98" type="stmt" count="1"/>
      <line num="99" type="stmt" count="1"/>
      <line num="100" type="stmt" count="1"/>
      <line num="101" type="stmt" count="1"/>
      <line num="102" type="stmt" count="1"/>
      <line num="103" type="stmt" count="1"/>
      <line num="104" type="stmt" count="1"/>
      <line num="105" type="stmt" count="1"/>
      <line num="106" type="stmt" count="1"/>
      <line num="107" type="stmt" count="1"/>
      <metrics loc="110" ncloc="77" classes="1" methods="7" coveredmethods="5" conditionals="0" coveredconditionals="0" statements="50" coveredstatements="40" elements="57" coveredelements="45"/>
    </file>
    <metrics files="1" loc="110" ncloc="77" classes="1" methods="7" coveredmethods="5" conditionals="0" coveredconditionals="0" statements="50" coveredstatements="40" elements="57" coveredelements="45"/>
  </project>
</coverage>
